# JRE version: Java(TM) SE Runtime Environment (8.0_192-b12) (build 1.8.0_192-b12)
# Java VM: Java HotSpot(TM) 64-Bit Server VM (25.192-b12 mixed mode windows-amd64 compressed oops)
Heap:
 PSYoungGen      total 114176K, used 21758K [0x0000000740b80000, 0x0000000748a80000, 0x00000007c0000000)
  eden space 98304K, 6% used [0x0000000740b80000,0x0000000741145198,0x0000000746b80000)
  from space 15872K, 99% used [0x0000000747b00000,0x0000000748a7a810,0x0000000748a80000)
  to   space 15872K, 0% used [0x0000000746b80000,0x0000000746b80000,0x0000000747b00000)
 ParOldGen       total 261120K, used 4941K [0x0000000642200000, 0x0000000652100000, 0x0000000740b80000)
  object space 261120K, 1% used [0x0000000642200000,0x00000006426d37d8,0x0000000652100000)
 Metaspace       used 18473K, capacity 18761K, committed 19072K, reserved 1067008K
  class space    used 2039K, capacity 2142K, committed 2176K, reserved 1048576K
GC Heap History (4 events):
Event: 5.183 GC heap before
{Heap before GC invocations=1 (full 0):
 PSYoungGen      total 114176K, used 98304K [0x0000000740b80000, 0x0000000748a80000, 0x00000007c0000000)
  eden space 98304K, 100% used [0x0000000740b80000,0x0000000746b80000,0x0000000746b80000)
  from space 15872K, 0% used [0x0000000747b00000,0x0000000747b00000,0x0000000748a80000)
  to   space 15872K, 0% used [0x0000000746b80000,0x0000000746b80000,0x0000000747b00000)
 ParOldGen       total 261120K, used 0K [0x0000000642200000, 0x0000000652100000, 0x0000000740b80000)
  object space 261120K, 0% used [0x0000000642200000,0x0000000642200000,0x0000000652100000)
 Metaspace       used 11129K, capacity 11335K, committed 11392K, reserved 1058816K
  class space    used 1090K, capacity 1150K, committed 1152K, reserved 1048576K
Event: 5.188 GC heap after
Heap after GC invocations=1 (full 0):
 PSYoungGen      total 114176K, used 6357K [0x0000000740b80000, 0x0000000748a80000, 0x00000007c0000000)
  eden space 98304K, 0% used [0x0000000740b80000,0x0000000740b80000,0x0000000746b80000)
  from space 15872K, 40% used [0x0000000746b80000,0x00000007471b55e8,0x0000000747b00000)
  to   space 15872K, 0% used [0x0000000747b00000,0x0000000747b00000,0x0000000748a80000)
 ParOldGen       total 261120K, used 16K [0x0000000642200000, 0x0000000652100000, 0x0000000740b80000)
  object space 261120K, 0% used [0x0000000642200000,0x0000000642204000,0x0000000652100000)
 Metaspace       used 11129K, capacity 11335K, committed 11392K, reserved 1058816K
  class space    used 1090K, capacity 1150K, committed 1152K, reserved 1048576K
}
Event: 8.167 GC heap before
{Heap before GC invocations=2 (full 0):
 PSYoungGen      total 114176K, used 104661K [0x0000000740b80000, 0x0000000748a80000, 0x00000007c0000000)
  eden space 98304K, 100% used [0x0000000740b80000,0x0000000746b80000,0x0000000746b80000)
  from space 15872K, 40% used [0x0000000746b80000,0x00000007471b55e8,0x0000000747b00000)
  to   space 15872K, 0% used [0x0000000747b00000,0x0000000747b00000,0x0000000748a80000)
 ParOldGen       total 261120K, used 16K [0x0000000642200000, 0x0000000652100000, 0x0000000740b80000)
  object space 261120K, 0% used [0x0000000642200000,0x0000000642204000,0x0000000652100000)
 Metaspace       used 18293K, capacity 18601K, committed 18816K, reserved 1067008K
  class space    used 2009K, capacity 2110K, committed 2176K, reserved 1048576K
Event: 8.210 GC heap after
Heap after GC invocations=2 (full 0):
 PSYoungGen      total 114176K, used 15850K [0x0000000740b80000, 0x0000000748a80000, 0x00000007c0000000)
  eden space 98304K, 0% used [0x0000000740b80000,0x0000000740b80000,0x0000000746b80000)
  from space 15872K, 99% used [0x0000000747b00000,0x0000000748a7a810,0x0000000748a80000)
  to   space 15872K, 0% used [0x0000000746b80000,0x0000000746b80000,0x0000000747b00000)
 ParOldGen       total 261120K, used 4941K [0x0000000642200000, 0x0000000652100000, 0x0000000740b80000)
  object space 261120K, 1% used [0x0000000642200000,0x00000006426d37d8,0x0000000652100000)
 Metaspace       used 18293K, capacity 18601K, committed 18816K, reserved 1067008K
  class space    used 2009K, capacity 2110K, committed 2176K, reserved 1048576K
}

