# JRE version: Java(TM) SE Runtime Environment (8.0_192-b12) (build 1.8.0_192-b12)
# Java VM: Java HotSpot(TM) 64-Bit Server VM (25.192-b12 mixed mode windows-amd64 compressed oops)
Heap:
 PSYoungGen      total 232960K, used 116724K [0x00000000eab00000, 0x0000000100000000, 0x0000000100000000)
  eden space 116736K, 99% used [0x00000000eab00000,0x00000000f1cfd170,0x00000000f1d00000)
  from space 116224K, 0% used [0x00000000f8e80000,0x00000000f8e80000,0x0000000100000000)
  to   space 116224K, 0% used [0x00000000f1d00000,0x00000000f1d00000,0x00000000f8e80000)
 ParOldGen       total 699392K, used 699256K [0x00000000c0000000, 0x00000000eab00000, 0x00000000eab00000)
  object space 699392K, 99% used [0x00000000c0000000,0x00000000eaade3b0,0x00000000eab00000)
 Metaspace       used 19126K, capacity 19413K, committed 19840K, reserved 1067008K
  class space    used 2019K, capacity 2102K, committed 2176K, reserved 1048576K
GC Heap History (10 events):
Event: 441.880 GC heap before
{Heap before GC invocations=44 (full 28):
 PSYoungGen      total 232960K, used 116736K [0x00000000eab00000, 0x0000000100000000, 0x0000000100000000)
  eden space 116736K, 100% used [0x00000000eab00000,0x00000000f1d00000,0x00000000f1d00000)
  from space 116224K, 0% used [0x00000000f8e80000,0x00000000f8e80000,0x0000000100000000)
  to   space 116224K, 0% used [0x00000000f1d00000,0x00000000f1d00000,0x00000000f8e80000)
 ParOldGen       total 699392K, used 699327K [0x00000000c0000000, 0x00000000eab00000, 0x00000000eab00000)
  object space 699392K, 99% used [0x00000000c0000000,0x00000000eaaefe08,0x00000000eab00000)
 Metaspace       used 19123K, capacity 19413K, committed 19840K, reserved 1067008K
  class space    used 2019K, capacity 2102K, committed 2176K, reserved 1048576K
Event: 442.827 GC heap after
Heap after GC invocations=44 (full 28):
 PSYoungGen      total 232960K, used 116557K [0x00000000eab00000, 0x0000000100000000, 0x0000000100000000)
  eden space 116736K, 99% used [0x00000000eab00000,0x00000000f1cd3450,0x00000000f1d00000)
  from space 116224K, 0% used [0x00000000f8e80000,0x00000000f8e80000,0x0000000100000000)
  to   space 116224K, 0% used [0x00000000f1d00000,0x00000000f1d00000,0x00000000f8e80000)
 ParOldGen       total 699392K, used 699327K [0x00000000c0000000, 0x00000000eab00000, 0x00000000eab00000)
  object space 699392K, 99% used [0x00000000c0000000,0x00000000eaaefde0,0x00000000eab00000)
 Metaspace       used 19123K, capacity 19413K, committed 19840K, reserved 1067008K
  class space    used 2019K, capacity 2102K, committed 2176K, reserved 1048576K
}
Event: 442.836 GC heap before
{Heap before GC invocations=45 (full 29):
 PSYoungGen      total 232960K, used 116736K [0x00000000eab00000, 0x0000000100000000, 0x0000000100000000)
  eden space 116736K, 100% used [0x00000000eab00000,0x00000000f1d00000,0x00000000f1d00000)
  from space 116224K, 0% used [0x00000000f8e80000,0x00000000f8e80000,0x0000000100000000)
  to   space 116224K, 0% used [0x00000000f1d00000,0x00000000f1d00000,0x00000000f8e80000)
 ParOldGen       total 699392K, used 699327K [0x00000000c0000000, 0x00000000eab00000, 0x00000000eab00000)
  object space 699392K, 99% used [0x00000000c0000000,0x00000000eaaefde0,0x00000000eab00000)
 Metaspace       used 19123K, capacity 19413K, committed 19840K, reserved 1067008K
  class space    used 2019K, capacity 2102K, committed 2176K, reserved 1048576K
Event: 444.460 GC heap after
Heap after GC invocations=45 (full 29):
 PSYoungGen      total 232960K, used 116552K [0x00000000eab00000, 0x0000000100000000, 0x0000000100000000)
  eden space 116736K, 99% used [0x00000000eab00000,0x00000000f1cd2090,0x00000000f1d00000)
  from space 116224K, 0% used [0x00000000f8e80000,0x00000000f8e80000,0x0000000100000000)
  to   space 116224K, 0% used [0x00000000f1d00000,0x00000000f1d00000,0x00000000f8e80000)
 ParOldGen       total 699392K, used 699276K [0x00000000c0000000, 0x00000000eab00000, 0x00000000eab00000)
  object space 699392K, 99% used [0x00000000c0000000,0x00000000eaae31a8,0x00000000eab00000)
 Metaspace       used 19123K, capacity 19413K, committed 19840K, reserved 1067008K
  class space    used 2019K, capacity 2102K, committed 2176K, reserved 1048576K
}
Event: 444.461 GC heap before
{Heap before GC invocations=46 (full 30):
 PSYoungGen      total 232960K, used 116736K [0x00000000eab00000, 0x0000000100000000, 0x0000000100000000)
  eden space 116736K, 100% used [0x00000000eab00000,0x00000000f1d00000,0x00000000f1d00000)
  from space 116224K, 0% used [0x00000000f8e80000,0x00000000f8e80000,0x0000000100000000)
  to   space 116224K, 0% used [0x00000000f1d00000,0x00000000f1d00000,0x00000000f8e80000)
 ParOldGen       total 699392K, used 699276K [0x00000000c0000000, 0x00000000eab00000, 0x00000000eab00000)
  object space 699392K, 99% used [0x00000000c0000000,0x00000000eaae31a8,0x00000000eab00000)
 Metaspace       used 19123K, capacity 19413K, committed 19840K, reserved 1067008K
  class space    used 2019K, capacity 2102K, committed 2176K, reserved 1048576K
Event: 445.790 GC heap after
Heap after GC invocations=46 (full 30):
 PSYoungGen      total 232960K, used 116552K [0x00000000eab00000, 0x0000000100000000, 0x0000000100000000)
  eden space 116736K, 99% used [0x00000000eab00000,0x00000000f1cd20e8,0x00000000f1d00000)
  from space 116224K, 0% used [0x00000000f8e80000,0x00000000f8e80000,0x0000000100000000)
  to   space 116224K, 0% used [0x00000000f1d00000,0x00000000f1d00000,0x00000000f8e80000)
 ParOldGen       total 699392K, used 699276K [0x00000000c0000000, 0x00000000eab00000, 0x00000000eab00000)
  object space 699392K, 99% used [0x00000000c0000000,0x00000000eaae30d0,0x00000000eab00000)
 Metaspace       used 19123K, capacity 19413K, committed 19840K, reserved 1067008K
  class space    used 2019K, capacity 2102K, committed 2176K, reserved 1048576K
}
Event: 445.792 GC heap before
{Heap before GC invocations=47 (full 31):
 PSYoungGen      total 232960K, used 116736K [0x00000000eab00000, 0x0000000100000000, 0x0000000100000000)
  eden space 116736K, 100% used [0x00000000eab00000,0x00000000f1d00000,0x00000000f1d00000)
  from space 116224K, 0% used [0x00000000f8e80000,0x00000000f8e80000,0x0000000100000000)
  to   space 116224K, 0% used [0x00000000f1d00000,0x00000000f1d00000,0x00000000f8e80000)
 ParOldGen       total 699392K, used 699276K [0x00000000c0000000, 0x00000000eab00000, 0x00000000eab00000)
  object space 699392K, 99% used [0x00000000c0000000,0x00000000eaae30d0,0x00000000eab00000)
 Metaspace       used 19124K, capacity 19413K, committed 19840K, reserved 1067008K
  class space    used 2019K, capacity 2102K, committed 2176K, reserved 1048576K
Event: 447.142 GC heap after
Heap after GC invocations=47 (full 31):
 PSYoungGen      total 232960K, used 116551K [0x00000000eab00000, 0x0000000100000000, 0x0000000100000000)
  eden space 116736K, 99% used [0x00000000eab00000,0x00000000f1cd1fd0,0x00000000f1d00000)
  from space 116224K, 0% used [0x00000000f8e80000,0x00000000f8e80000,0x0000000100000000)
  to   space 116224K, 0% used [0x00000000f1d00000,0x00000000f1d00000,0x00000000f8e80000)
 ParOldGen       total 699392K, used 699256K [0x00000000c0000000, 0x00000000eab00000, 0x00000000eab00000)
  object space 699392K, 99% used [0x00000000c0000000,0x00000000eaade3d8,0x00000000eab00000)
 Metaspace       used 19124K, capacity 19413K, committed 19840K, reserved 1067008K
  class space    used 2019K, capacity 2102K, committed 2176K, reserved 1048576K
}
Event: 447.144 GC heap before
{Heap before GC invocations=48 (full 32):
 PSYoungGen      total 232960K, used 116736K [0x00000000eab00000, 0x0000000100000000, 0x0000000100000000)
  eden space 116736K, 100% used [0x00000000eab00000,0x00000000f1d00000,0x00000000f1d00000)
  from space 116224K, 0% used [0x00000000f8e80000,0x00000000f8e80000,0x0000000100000000)
  to   space 116224K, 0% used [0x00000000f1d00000,0x00000000f1d00000,0x00000000f8e80000)
 ParOldGen       total 699392K, used 699256K [0x00000000c0000000, 0x00000000eab00000, 0x00000000eab00000)
  object space 699392K, 99% used [0x00000000c0000000,0x00000000eaade3d8,0x00000000eab00000)
 Metaspace       used 19124K, capacity 19413K, committed 19840K, reserved 1067008K
  class space    used 2019K, capacity 2102K, committed 2176K, reserved 1048576K
Event: 448.396 GC heap after
Heap after GC invocations=48 (full 32):
 PSYoungGen      total 232960K, used 116552K [0x00000000eab00000, 0x0000000100000000, 0x0000000100000000)
  eden space 116736K, 99% used [0x00000000eab00000,0x00000000f1cd2160,0x00000000f1d00000)
  from space 116224K, 0% used [0x00000000f8e80000,0x00000000f8e80000,0x0000000100000000)
  to   space 116224K, 0% used [0x00000000f1d00000,0x00000000f1d00000,0x00000000f8e80000)
 ParOldGen       total 699392K, used 699256K [0x00000000c0000000, 0x00000000eab00000, 0x00000000eab00000)
  object space 699392K, 99% used [0x00000000c0000000,0x00000000eaade3b0,0x00000000eab00000)
 Metaspace       used 19124K, capacity 19413K, committed 19840K, reserved 1067008K
  class space    used 2019K, capacity 2102K, committed 2176K, reserved 1048576K
}

