# JRE version: Java(TM) SE Runtime Environment (8.0_192-b12) (build 1.8.0_192-b12)
# Java VM: Java HotSpot(TM) 64-Bit Server VM (25.192-b12 mixed mode windows-amd64 compressed oops)
Heap:
 PSYoungGen      total 114176K, used 19655K [0x0000000740b80000, 0x0000000748a80000, 0x00000007c0000000)
  eden space 98304K, 5% used [0x0000000740b80000,0x000000074109d3a8,0x0000000746b80000)
  from space 15872K, 90% used [0x0000000747b00000,0x0000000748914888,0x0000000748a80000)
  to   space 15872K, 0% used [0x0000000746b80000,0x0000000746b80000,0x0000000747b00000)
 ParOldGen       total 261120K, used 65576K [0x0000000642200000, 0x0000000652100000, 0x0000000740b80000)
  object space 261120K, 25% used [0x0000000642200000,0x000000064620a010,0x0000000652100000)
 Metaspace       used 18053K, capacity 18341K, committed 18688K, reserved 1067008K
  class space    used 1942K, capacity 2008K, committed 2048K, reserved 1048576K
GC Heap History (4 events):
Event: 4.180 GC heap before
{Heap before GC invocations=1 (full 0):
 PSYoungGen      total 114176K, used 98304K [0x0000000740b80000, 0x0000000748a80000, 0x00000007c0000000)
  eden space 98304K, 100% used [0x0000000740b80000,0x0000000746b80000,0x0000000746b80000)
  from space 15872K, 0% used [0x0000000747b00000,0x0000000747b00000,0x0000000748a80000)
  to   space 15872K, 0% used [0x0000000746b80000,0x0000000746b80000,0x0000000747b00000)
 ParOldGen       total 261120K, used 65536K [0x0000000642200000, 0x0000000652100000, 0x0000000740b80000)
  object space 261120K, 25% used [0x0000000642200000,0x0000000646200010,0x0000000652100000)
 Metaspace       used 11167K, capacity 11335K, committed 11392K, reserved 1058816K
  class space    used 1090K, capacity 1150K, committed 1152K, reserved 1048576K
Event: 4.187 GC heap after
Heap after GC invocations=1 (full 0):
 PSYoungGen      total 114176K, used 6428K [0x0000000740b80000, 0x0000000748a80000, 0x00000007c0000000)
  eden space 98304K, 0% used [0x0000000740b80000,0x0000000740b80000,0x0000000746b80000)
  from space 15872K, 40% used [0x0000000746b80000,0x00000007471c7080,0x0000000747b00000)
  to   space 15872K, 0% used [0x0000000747b00000,0x0000000747b00000,0x0000000748a80000)
 ParOldGen       total 261120K, used 65552K [0x0000000642200000, 0x0000000652100000, 0x0000000740b80000)
  object space 261120K, 25% used [0x0000000642200000,0x0000000646204010,0x0000000652100000)
 Metaspace       used 11167K, capacity 11335K, committed 11392K, reserved 1058816K
  class space    used 1090K, capacity 1150K, committed 1152K, reserved 1048576K
}
Event: 12.964 GC heap before
{Heap before GC invocations=2 (full 0):
 PSYoungGen      total 114176K, used 104732K [0x0000000740b80000, 0x0000000748a80000, 0x00000007c0000000)
  eden space 98304K, 100% used [0x0000000740b80000,0x0000000746b80000,0x0000000746b80000)
  from space 15872K, 40% used [0x0000000746b80000,0x00000007471c7080,0x0000000747b00000)
  to   space 15872K, 0% used [0x0000000747b00000,0x0000000747b00000,0x0000000748a80000)
 ParOldGen       total 261120K, used 65552K [0x0000000642200000, 0x0000000652100000, 0x0000000740b80000)
  object space 261120K, 25% used [0x0000000642200000,0x0000000646204010,0x0000000652100000)
 Metaspace       used 16598K, capacity 16845K, committed 17152K, reserved 1064960K
  class space    used 1694K, capacity 1746K, committed 1792K, reserved 1048576K
Event: 12.988 GC heap after
Heap after GC invocations=2 (full 0):
 PSYoungGen      total 114176K, used 14418K [0x0000000740b80000, 0x0000000748a80000, 0x00000007c0000000)
  eden space 98304K, 0% used [0x0000000740b80000,0x0000000740b80000,0x0000000746b80000)
  from space 15872K, 90% used [0x0000000747b00000,0x0000000748914888,0x0000000748a80000)
  to   space 15872K, 0% used [0x0000000746b80000,0x0000000746b80000,0x0000000747b00000)
 ParOldGen       total 261120K, used 65576K [0x0000000642200000, 0x0000000652100000, 0x0000000740b80000)
  object space 261120K, 25% used [0x0000000642200000,0x000000064620a010,0x0000000652100000)
 Metaspace       used 16598K, capacity 16845K, committed 17152K, reserved 1064960K
  class space    used 1694K, capacity 1746K, committed 1792K, reserved 1048576K
}

