# JRE version: Java(TM) SE Runtime Environment (8.0_192-b12) (build 1.8.0_192-b12)
# Java VM: Java HotSpot(TM) 64-Bit Server VM (25.192-b12 mixed mode windows-amd64 compressed oops)
Heap:
 PSYoungGen      total 71680K, used 7759K [0x00000000d5580000, 0x00000000deb80000, 0x0000000100000000)
  eden space 66560K, 4% used [0x00000000d5580000,0x00000000d5819a68,0x00000000d9680000)
  from space 5120K, 99% used [0x00000000d9680000,0x00000000d9b7a308,0x00000000d9b80000)
  to   space 10240K, 0% used [0x00000000de180000,0x00000000de180000,0x00000000deb80000)
 ParOldGen       total 87552K, used 5913K [0x0000000080000000, 0x0000000085580000, 0x00000000d5580000)
  object space 87552K, 6% used [0x0000000080000000,0x00000000805c6490,0x0000000085580000)
 Metaspace       used 13999K, capacity 14211K, committed 14464K, reserved 1062912K
  class space    used 1290K, capacity 1352K, committed 1408K, reserved 1048576K
GC Heap History (10 events):
Event: 1.955 GC heap before
{Heap before GC invocations=1 (full 0):
 PSYoungGen      total 38400K, used 33280K [0x00000000d5580000, 0x00000000d8000000, 0x0000000100000000)
  eden space 33280K, 100% used [0x00000000d5580000,0x00000000d7600000,0x00000000d7600000)
  from space 5120K, 0% used [0x00000000d7b00000,0x00000000d7b00000,0x00000000d8000000)
  to   space 5120K, 0% used [0x00000000d7600000,0x00000000d7600000,0x00000000d7b00000)
 ParOldGen       total 87552K, used 0K [0x0000000080000000, 0x0000000085580000, 0x00000000d5580000)
  object space 87552K, 0% used [0x0000000080000000,0x0000000080000000,0x0000000085580000)
 Metaspace       used 11107K, capacity 11335K, committed 11392K, reserved 1058816K
  class space    used 1088K, capacity 1150K, committed 1152K, reserved 1048576K
Event: 1.964 GC heap after
Heap after GC invocations=1 (full 0):
 PSYoungGen      total 38400K, used 5103K [0x00000000d5580000, 0x00000000d8000000, 0x0000000100000000)
  eden space 33280K, 0% used [0x00000000d5580000,0x00000000d5580000,0x00000000d7600000)
  from space 5120K, 99% used [0x00000000d7600000,0x00000000d7afbcd0,0x00000000d7b00000)
  to   space 5120K, 0% used [0x00000000d7b00000,0x00000000d7b00000,0x00000000d8000000)
 ParOldGen       total 87552K, used 200K [0x0000000080000000, 0x0000000085580000, 0x00000000d5580000)
  object space 87552K, 0% used [0x0000000080000000,0x00000000800322a8,0x0000000085580000)
 Metaspace       used 11107K, capacity 11335K, committed 11392K, reserved 1058816K
  class space    used 1088K, capacity 1150K, committed 1152K, reserved 1048576K
}
Event: 2.049 GC heap before
{Heap before GC invocations=2 (full 0):
 PSYoungGen      total 38400K, used 38383K [0x00000000d5580000, 0x00000000d8000000, 0x0000000100000000)
  eden space 33280K, 100% used [0x00000000d5580000,0x00000000d7600000,0x00000000d7600000)
  from space 5120K, 99% used [0x00000000d7600000,0x00000000d7afbcd0,0x00000000d7b00000)
  to   space 5120K, 0% used [0x00000000d7b00000,0x00000000d7b00000,0x00000000d8000000)
 ParOldGen       total 87552K, used 200K [0x0000000080000000, 0x0000000085580000, 0x00000000d5580000)
  object space 87552K, 0% used [0x0000000080000000,0x00000000800322a8,0x0000000085580000)
 Metaspace       used 11125K, capacity 11335K, committed 11392K, reserved 1058816K
  class space    used 1088K, capacity 1150K, committed 1152K, reserved 1048576K
Event: 2.054 GC heap after
Heap after GC invocations=2 (full 0):
 PSYoungGen      total 38400K, used 2667K [0x00000000d5580000, 0x00000000da080000, 0x0000000100000000)
  eden space 33280K, 0% used [0x00000000d5580000,0x00000000d5580000,0x00000000d7600000)
  from space 5120K, 52% used [0x00000000d7b00000,0x00000000d7d9ad98,0x00000000d8000000)
  to   space 5120K, 0% used [0x00000000d7600000,0x00000000d7600000,0x00000000d7b00000)
 ParOldGen       total 87552K, used 208K [0x0000000080000000, 0x0000000085580000, 0x00000000d5580000)
  object space 87552K, 0% used [0x0000000080000000,0x00000000800342a8,0x0000000085580000)
 Metaspace       used 11125K, capacity 11335K, committed 11392K, reserved 1058816K
  class space    used 1088K, capacity 1150K, committed 1152K, reserved 1048576K
}
Event: 2.150 GC heap before
{Heap before GC invocations=3 (full 0):
 PSYoungGen      total 38400K, used 35947K [0x00000000d5580000, 0x00000000da080000, 0x0000000100000000)
  eden space 33280K, 100% used [0x00000000d5580000,0x00000000d7600000,0x00000000d7600000)
  from space 5120K, 52% used [0x00000000d7b00000,0x00000000d7d9ad98,0x00000000d8000000)
  to   space 5120K, 0% used [0x00000000d7600000,0x00000000d7600000,0x00000000d7b00000)
 ParOldGen       total 87552K, used 208K [0x0000000080000000, 0x0000000085580000, 0x00000000d5580000)
  object space 87552K, 0% used [0x0000000080000000,0x00000000800342a8,0x0000000085580000)
 Metaspace       used 11138K, capacity 11335K, committed 11392K, reserved 1058816K
  class space    used 1090K, capacity 1150K, committed 1152K, reserved 1048576K
Event: 2.164 GC heap after
Heap after GC invocations=3 (full 0):
 PSYoungGen      total 38400K, used 3467K [0x00000000d5580000, 0x00000000da080000, 0x0000000100000000)
  eden space 33280K, 0% used [0x00000000d5580000,0x00000000d5580000,0x00000000d7600000)
  from space 5120K, 67% used [0x00000000d7600000,0x00000000d7962c68,0x00000000d7b00000)
  to   space 5120K, 0% used [0x00000000d9b80000,0x00000000d9b80000,0x00000000da080000)
 ParOldGen       total 87552K, used 216K [0x0000000080000000, 0x0000000085580000, 0x00000000d5580000)
  object space 87552K, 0% used [0x0000000080000000,0x00000000800362a8,0x0000000085580000)
 Metaspace       used 11138K, capacity 11335K, committed 11392K, reserved 1058816K
  class space    used 1090K, capacity 1150K, committed 1152K, reserved 1048576K
}
Event: 2.727 GC heap before
{Heap before GC invocations=4 (full 0):
 PSYoungGen      total 38400K, used 36747K [0x00000000d5580000, 0x00000000da080000, 0x0000000100000000)
  eden space 33280K, 100% used [0x00000000d5580000,0x00000000d7600000,0x00000000d7600000)
  from space 5120K, 67% used [0x00000000d7600000,0x00000000d7962c68,0x00000000d7b00000)
  to   space 5120K, 0% used [0x00000000d9b80000,0x00000000d9b80000,0x00000000da080000)
 ParOldGen       total 87552K, used 216K [0x0000000080000000, 0x0000000085580000, 0x00000000d5580000)
  object space 87552K, 0% used [0x0000000080000000,0x00000000800362a8,0x0000000085580000)
 Metaspace       used 12557K, capacity 12743K, committed 12800K, reserved 1060864K
  class space    used 1223K, capacity 1278K, committed 1280K, reserved 1048576K
Event: 2.735 GC heap after
Heap after GC invocations=4 (full 0):
 PSYoungGen      total 71680K, used 4715K [0x00000000d5580000, 0x00000000da080000, 0x0000000100000000)
  eden space 66560K, 0% used [0x00000000d5580000,0x00000000d5580000,0x00000000d9680000)
  from space 5120K, 92% used [0x00000000d9b80000,0x00000000da01af60,0x00000000da080000)
  to   space 5120K, 0% used [0x00000000d9680000,0x00000000d9680000,0x00000000d9b80000)
 ParOldGen       total 87552K, used 224K [0x0000000080000000, 0x0000000085580000, 0x00000000d5580000)
  object space 87552K, 0% used [0x0000000080000000,0x00000000800382a8,0x0000000085580000)
 Metaspace       used 12557K, capacity 12743K, committed 12800K, reserved 1060864K
  class space    used 1223K, capacity 1278K, committed 1280K, reserved 1048576K
}
Event: 7.398 GC heap before
{Heap before GC invocations=5 (full 0):
 PSYoungGen      total 71680K, used 71275K [0x00000000d5580000, 0x00000000da080000, 0x0000000100000000)
  eden space 66560K, 100% used [0x00000000d5580000,0x00000000d9680000,0x00000000d9680000)
  from space 5120K, 92% used [0x00000000d9b80000,0x00000000da01af60,0x00000000da080000)
  to   space 5120K, 0% used [0x00000000d9680000,0x00000000d9680000,0x00000000d9b80000)
 ParOldGen       total 87552K, used 224K [0x0000000080000000, 0x0000000085580000, 0x00000000d5580000)
  object space 87552K, 0% used [0x0000000080000000,0x00000000800382a8,0x0000000085580000)
 Metaspace       used 13990K, capacity 14211K, committed 14464K, reserved 1062912K
  class space    used 1289K, capacity 1352K, committed 1408K, reserved 1048576K
Event: 7.428 GC heap after
Heap after GC invocations=5 (full 0):
 PSYoungGen      total 71680K, used 5096K [0x00000000d5580000, 0x00000000deb80000, 0x0000000100000000)
  eden space 66560K, 0% used [0x00000000d5580000,0x00000000d5580000,0x00000000d9680000)
  from space 5120K, 99% used [0x00000000d9680000,0x00000000d9b7a308,0x00000000d9b80000)
  to   space 10240K, 0% used [0x00000000de180000,0x00000000de180000,0x00000000deb80000)
 ParOldGen       total 87552K, used 5913K [0x0000000080000000, 0x0000000085580000, 0x00000000d5580000)
  object space 87552K, 6% used [0x0000000080000000,0x00000000805c6490,0x0000000085580000)
 Metaspace       used 13990K, capacity 14211K, committed 14464K, reserved 1062912K
  class space    used 1289K, capacity 1352K, committed 1408K, reserved 1048576K
}

